<?xml version="1.0" encoding="UTF-8"?>
<testng-results ignored="0" total="1" passed="1" failed="0" skipped="0">
  <reporter-output>
  </reporter-output>
  <suite started-at="2023-01-24T22:58:03 ACDT" name="Interview Suite" finished-at="2023-01-24T22:58:30 ACDT" duration-ms="26760">
    <groups>
    </groups>
    <test started-at="2023-01-24T22:58:03 ACDT" name="Home Page Test" finished-at="2023-01-24T22:58:30 ACDT" duration-ms="26760">
      <class name="jupitorToys.tests.HomePageTest">
        <test-method is-config="true" signature="setUp()[pri:0, instance:jupitorToys.tests.HomePageTest@71d44a3]" started-at="2023-01-24T22:58:03 ACDT" name="setUp" finished-at="2023-01-24T22:58:08 ACDT" duration-ms="5156" status="PASS">
          <reporter-output>
          </reporter-output>
        </test-method> <!-- setUp -->
        <test-method signature="verifyTotalAmount()[pri:0, instance:jupitorToys.tests.HomePageTest@71d44a3]" started-at="2023-01-24T22:58:08 ACDT" name="verifyTotalAmount" finished-at="2023-01-24T22:58:29 ACDT" duration-ms="21477" status="PASS">
          <reporter-output>
          </reporter-output>
        </test-method> <!-- verifyTotalAmount -->
        <test-method is-config="true" signature="tearDown()[pri:0, instance:jupitorToys.tests.HomePageTest@71d44a3]" started-at="2023-01-24T22:58:29 ACDT" name="tearDown" finished-at="2023-01-24T22:58:30 ACDT" duration-ms="112" status="PASS">
          <reporter-output>
          </reporter-output>
        </test-method> <!-- tearDown -->
      </class> <!-- jupitorToys.tests.HomePageTest -->
    </test> <!-- Home Page Test -->
  </suite> <!-- Interview Suite -->
</testng-results>
