<?xml version="1.0" encoding="UTF-8"?>
<testng-results ignored="0" total="1" passed="1" failed="0" skipped="0">
  <reporter-output>
  </reporter-output>
  <suite started-at="2023-01-25T00:18:15 ACDT" name="Interview Suite" finished-at="2023-01-25T00:18:48 ACDT" duration-ms="33242">
    <groups>
    </groups>
    <test started-at="2023-01-25T00:18:15 ACDT" name="Home Page Test" finished-at="2023-01-25T00:18:48 ACDT" duration-ms="33242">
      <class name="jupitorToys.tests.HomePageTest">
        <test-method is-config="true" signature="setUp()[pri:0, instance:jupitorToys.tests.HomePageTest@7b4c50bc]" started-at="2023-01-25T00:18:15 ACDT" name="setUp" finished-at="2023-01-25T00:18:24 ACDT" duration-ms="9482" status="PASS">
          <reporter-output>
          </reporter-output>
        </test-method> <!-- setUp -->
        <test-method signature="verifyTotalAmount()[pri:0, instance:jupitorToys.tests.HomePageTest@7b4c50bc]" started-at="2023-01-25T00:18:24 ACDT" name="verifyTotalAmount" finished-at="2023-01-25T00:18:48 ACDT" duration-ms="23592" status="PASS">
          <reporter-output>
          </reporter-output>
        </test-method> <!-- verifyTotalAmount -->
        <test-method is-config="true" signature="tearDown()[pri:0, instance:jupitorToys.tests.HomePageTest@7b4c50bc]" started-at="2023-01-25T00:18:48 ACDT" name="tearDown" finished-at="2023-01-25T00:18:48 ACDT" duration-ms="118" status="PASS">
          <reporter-output>
          </reporter-output>
        </test-method> <!-- tearDown -->
      </class> <!-- jupitorToys.tests.HomePageTest -->
    </test> <!-- Home Page Test -->
  </suite> <!-- Interview Suite -->
</testng-results>
