<?xml version="1.0" encoding="UTF-8"?>
<!-- Generated by org.testng.reporters.JUnitXMLReporter -->
<testsuite ignored="0" hostname="Rohits-MacBook-Pro.local" failures="0" tests="7" name="Home Page Test" time="163.821" errors="0" timestamp="2023-01-25T10:59:34 ACDT">
  <testcase classname="jupitorToys.tests.InterviewTest" name="validateErrorMessageOnContactPage" time="31.729"/>
  <testcase classname="jupitorToys.tests.InterviewTest" name="validateSuccessfulSubmission" time="13.45"/>
  <testcase classname="jupitorToys.tests.InterviewTest" name="validateSuccessfulSubmission" time="12.083"/>
  <testcase classname="jupitorToys.tests.InterviewTest" name="validateSuccessfulSubmission" time="2.455"/>
  <testcase classname="jupitorToys.tests.InterviewTest" name="validateSuccessfulSubmission" time="5.469"/>
  <testcase classname="jupitorToys.tests.InterviewTest" name="validateSuccessfulSubmission" time="12.035"/>
  <testcase classname="jupitorToys.tests.InterviewTest" name="verifyTotalAmount" time="22.524"/>
</testsuite> <!-- Home Page Test -->
