<?xml version="1.0" encoding="UTF-8"?>
<testng-results ignored="0" total="7" passed="7" failed="0" skipped="0">
  <reporter-output>
  </reporter-output>
  <suite started-at="2023-01-25T10:56:50 ACDT" name="Interview Suite" finished-at="2023-01-25T10:59:34 ACDT" duration-ms="163821">
    <groups>
    </groups>
    <test started-at="2023-01-25T10:56:50 ACDT" name="Home Page Test" finished-at="2023-01-25T10:59:34 ACDT" duration-ms="163821">
      <class name="jupitorToys.tests.InterviewTest">
        <test-method is-config="true" signature="setUp()[pri:0, instance:jupitorToys.tests.InterviewTest@6a57ae10]" started-at="2023-01-25T10:56:50 ACDT" name="setUp" finished-at="2023-01-25T10:57:01 ACDT" duration-ms="11308" status="PASS">
          <reporter-output>
          </reporter-output>
        </test-method> <!-- setUp -->
        <test-method signature="validateErrorMessageOnContactPage()[pri:0, instance:jupitorToys.tests.InterviewTest@6a57ae10]" started-at="2023-01-25T10:57:01 ACDT" name="validateErrorMessageOnContactPage" finished-at="2023-01-25T10:57:33 ACDT" duration-ms="31729" status="PASS">
          <reporter-output>
          </reporter-output>
        </test-method> <!-- validateErrorMessageOnContactPage -->
        <test-method is-config="true" signature="tearDown()[pri:0, instance:jupitorToys.tests.InterviewTest@6a57ae10]" started-at="2023-01-25T10:57:33 ACDT" name="tearDown" finished-at="2023-01-25T10:57:33 ACDT" duration-ms="123" status="PASS">
          <reporter-output>
          </reporter-output>
        </test-method> <!-- tearDown -->
        <test-method is-config="true" signature="setUp()[pri:0, instance:jupitorToys.tests.InterviewTest@6a57ae10]" started-at="2023-01-25T10:57:33 ACDT" name="setUp" finished-at="2023-01-25T10:57:42 ACDT" duration-ms="9124" status="PASS">
          <reporter-output>
          </reporter-output>
        </test-method> <!-- setUp -->
        <test-method signature="validateSuccessfulSubmission(java.lang.String,java.lang.String,java.lang.String)[pri:0, instance:jupitorToys.tests.InterviewTest@6a57ae10]" started-at="2023-01-25T10:57:42 ACDT" name="validateSuccessfulSubmission" data-provider="data-provider" finished-at="2023-01-25T10:57:56 ACDT" duration-ms="13450" status="PASS">
          <params>
            <param index="0">
              <value>
                <![CDATA[rohit1]]>
              </value>
            </param>
            <param index="1">
              <value>
                <![CDATA[rohit1@test.com]]>
              </value>
            </param>
            <param index="2">
              <value>
                <![CDATA[message1]]>
              </value>
            </param>
          </params>
          <reporter-output>
          </reporter-output>
        </test-method> <!-- validateSuccessfulSubmission -->
        <test-method is-config="true" signature="tearDown()[pri:0, instance:jupitorToys.tests.InterviewTest@6a57ae10]" started-at="2023-01-25T10:57:56 ACDT" name="tearDown" finished-at="2023-01-25T10:57:56 ACDT" duration-ms="113" status="PASS">
          <reporter-output>
          </reporter-output>
        </test-method> <!-- tearDown -->
        <test-method is-config="true" signature="setUp()[pri:0, instance:jupitorToys.tests.InterviewTest@6a57ae10]" started-at="2023-01-25T10:57:56 ACDT" name="setUp" finished-at="2023-01-25T10:58:06 ACDT" duration-ms="9921" status="PASS">
          <reporter-output>
          </reporter-output>
        </test-method> <!-- setUp -->
        <test-method signature="validateSuccessfulSubmission(java.lang.String,java.lang.String,java.lang.String)[pri:0, instance:jupitorToys.tests.InterviewTest@6a57ae10]" started-at="2023-01-25T10:58:06 ACDT" name="validateSuccessfulSubmission" data-provider="data-provider" finished-at="2023-01-25T10:58:18 ACDT" duration-ms="12083" status="PASS">
          <params>
            <param index="0">
              <value>
                <![CDATA[rohit2]]>
              </value>
            </param>
            <param index="1">
              <value>
                <![CDATA[rohit2@test.com]]>
              </value>
            </param>
            <param index="2">
              <value>
                <![CDATA[message2]]>
              </value>
            </param>
          </params>
          <reporter-output>
          </reporter-output>
        </test-method> <!-- validateSuccessfulSubmission -->
        <test-method is-config="true" signature="tearDown()[pri:0, instance:jupitorToys.tests.InterviewTest@6a57ae10]" started-at="2023-01-25T10:58:18 ACDT" name="tearDown" finished-at="2023-01-25T10:58:18 ACDT" duration-ms="109" status="PASS">
          <reporter-output>
          </reporter-output>
        </test-method> <!-- tearDown -->
        <test-method is-config="true" signature="setUp()[pri:0, instance:jupitorToys.tests.InterviewTest@6a57ae10]" started-at="2023-01-25T10:58:18 ACDT" name="setUp" finished-at="2023-01-25T10:58:25 ACDT" duration-ms="7425" status="PASS">
          <reporter-output>
          </reporter-output>
        </test-method> <!-- setUp -->
        <test-method signature="validateSuccessfulSubmission(java.lang.String,java.lang.String,java.lang.String)[pri:0, instance:jupitorToys.tests.InterviewTest@6a57ae10]" started-at="2023-01-25T10:58:25 ACDT" name="validateSuccessfulSubmission" data-provider="data-provider" finished-at="2023-01-25T10:58:28 ACDT" duration-ms="2455" status="PASS">
          <params>
            <param index="0">
              <value>
                <![CDATA[rohit3]]>
              </value>
            </param>
            <param index="1">
              <value>
                <![CDATA[rohit3@test.com]]>
              </value>
            </param>
            <param index="2">
              <value>
                <![CDATA[message3]]>
              </value>
            </param>
          </params>
          <reporter-output>
          </reporter-output>
        </test-method> <!-- validateSuccessfulSubmission -->
        <test-method is-config="true" signature="tearDown()[pri:0, instance:jupitorToys.tests.InterviewTest@6a57ae10]" started-at="2023-01-25T10:58:28 ACDT" name="tearDown" finished-at="2023-01-25T10:58:28 ACDT" duration-ms="119" status="PASS">
          <reporter-output>
          </reporter-output>
        </test-method> <!-- tearDown -->
        <test-method is-config="true" signature="setUp()[pri:0, instance:jupitorToys.tests.InterviewTest@6a57ae10]" started-at="2023-01-25T10:58:28 ACDT" name="setUp" finished-at="2023-01-25T10:58:35 ACDT" duration-ms="7355" status="PASS">
          <reporter-output>
          </reporter-output>
        </test-method> <!-- setUp -->
        <test-method signature="validateSuccessfulSubmission(java.lang.String,java.lang.String,java.lang.String)[pri:0, instance:jupitorToys.tests.InterviewTest@6a57ae10]" started-at="2023-01-25T10:58:35 ACDT" name="validateSuccessfulSubmission" data-provider="data-provider" finished-at="2023-01-25T10:58:41 ACDT" duration-ms="5469" status="PASS">
          <params>
            <param index="0">
              <value>
                <![CDATA[rohit4]]>
              </value>
            </param>
            <param index="1">
              <value>
                <![CDATA[rohit4@test.com]]>
              </value>
            </param>
            <param index="2">
              <value>
                <![CDATA[message4]]>
              </value>
            </param>
          </params>
          <reporter-output>
          </reporter-output>
        </test-method> <!-- validateSuccessfulSubmission -->
        <test-method is-config="true" signature="tearDown()[pri:0, instance:jupitorToys.tests.InterviewTest@6a57ae10]" started-at="2023-01-25T10:58:41 ACDT" name="tearDown" finished-at="2023-01-25T10:58:41 ACDT" duration-ms="116" status="PASS">
          <reporter-output>
          </reporter-output>
        </test-method> <!-- tearDown -->
        <test-method is-config="true" signature="setUp()[pri:0, instance:jupitorToys.tests.InterviewTest@6a57ae10]" started-at="2023-01-25T10:58:41 ACDT" name="setUp" finished-at="2023-01-25T10:58:50 ACDT" duration-ms="8600" status="PASS">
          <reporter-output>
          </reporter-output>
        </test-method> <!-- setUp -->
        <test-method signature="validateSuccessfulSubmission(java.lang.String,java.lang.String,java.lang.String)[pri:0, instance:jupitorToys.tests.InterviewTest@6a57ae10]" started-at="2023-01-25T10:58:50 ACDT" name="validateSuccessfulSubmission" data-provider="data-provider" finished-at="2023-01-25T10:59:02 ACDT" duration-ms="12035" status="PASS">
          <params>
            <param index="0">
              <value>
                <![CDATA[rohit5]]>
              </value>
            </param>
            <param index="1">
              <value>
                <![CDATA[rohit5@test.com]]>
              </value>
            </param>
            <param index="2">
              <value>
                <![CDATA[message5]]>
              </value>
            </param>
          </params>
          <reporter-output>
          </reporter-output>
        </test-method> <!-- validateSuccessfulSubmission -->
        <test-method is-config="true" signature="tearDown()[pri:0, instance:jupitorToys.tests.InterviewTest@6a57ae10]" started-at="2023-01-25T10:59:02 ACDT" name="tearDown" finished-at="2023-01-25T10:59:02 ACDT" duration-ms="110" status="PASS">
          <reporter-output>
          </reporter-output>
        </test-method> <!-- tearDown -->
        <test-method is-config="true" signature="setUp()[pri:0, instance:jupitorToys.tests.InterviewTest@6a57ae10]" started-at="2023-01-25T10:59:02 ACDT" name="setUp" finished-at="2023-01-25T10:59:11 ACDT" duration-ms="9417" status="PASS">
          <reporter-output>
          </reporter-output>
        </test-method> <!-- setUp -->
        <test-method signature="verifyTotalAmount()[pri:0, instance:jupitorToys.tests.InterviewTest@6a57ae10]" started-at="2023-01-25T10:59:11 ACDT" name="verifyTotalAmount" finished-at="2023-01-25T10:59:34 ACDT" duration-ms="22524" status="PASS">
          <reporter-output>
          </reporter-output>
        </test-method> <!-- verifyTotalAmount -->
        <test-method is-config="true" signature="tearDown()[pri:0, instance:jupitorToys.tests.InterviewTest@6a57ae10]" started-at="2023-01-25T10:59:34 ACDT" name="tearDown" finished-at="2023-01-25T10:59:34 ACDT" duration-ms="114" status="PASS">
          <reporter-output>
          </reporter-output>
        </test-method> <!-- tearDown -->
      </class> <!-- jupitorToys.tests.InterviewTest -->
    </test> <!-- Home Page Test -->
  </suite> <!-- Interview Suite -->
</testng-results>
